<?xml version="1.0" encoding="UTF-8"?>
<!-- Generated by org.testng.reporters.JUnitXMLReporter -->
<testsuite ignored="0" hostname="LAPTOP-GQC03NB2" failures="0" tests="6" name="Default test" time="0.079" errors="0" timestamp="2022-11-17T09:41:50 IST">
  <testcase classname="methods.program1" name="feedback" time="0.007"/>
  <testcase classname="methods.program1" name="openingbrowser" time="0.002"/>
  <testcase classname="methods.program1" name="delivery" time="0.002"/>
  <testcase classname="methods.program1" name="productdetails" time="0.004"/>
  <testcase classname="methods.program1" name="paymentdetails" time="0.005"/>
  <testcase classname="methods.program1" name="customerdetails" time="0.002"/>
</testsuite> <!-- Default test -->
