<?xml version="1.0" encoding="UTF-8"?>
<testng-results ignored="0" total="6" passed="6" failed="0" skipped="0">
  <reporter-output>
  </reporter-output>
  <suite started-at="2022-11-17T09:41:49 IST" name="Default suite" finished-at="2022-11-17T09:41:50 IST" duration-ms="79">
    <groups>
    </groups>
    <test started-at="2022-11-17T09:41:49 IST" name="Default test" finished-at="2022-11-17T09:41:50 IST" duration-ms="79">
      <class name="methods.program1">
        <test-method signature="feedback()[pri:1, instance:methods.program1@5136d012]" started-at="2022-11-17T09:41:49 IST" name="feedback" finished-at="2022-11-17T09:41:49 IST" duration-ms="7" status="PASS">
          <reporter-output>
          </reporter-output>
        </test-method> <!-- feedback -->
        <test-method signature="openingbrowser()[pri:1, instance:methods.program1@5136d012]" started-at="2022-11-17T09:41:49 IST" name="openingbrowser" finished-at="2022-11-17T09:41:49 IST" duration-ms="2" status="PASS">
          <reporter-output>
          </reporter-output>
        </test-method> <!-- openingbrowser -->
        <test-method signature="delivery()[pri:2, instance:methods.program1@5136d012]" started-at="2022-11-17T09:41:49 IST" name="delivery" finished-at="2022-11-17T09:41:49 IST" duration-ms="2" status="PASS">
          <reporter-output>
          </reporter-output>
        </test-method> <!-- delivery -->
        <test-method signature="productdetails()[pri:3, instance:methods.program1@5136d012]" started-at="2022-11-17T09:41:49 IST" name="productdetails" finished-at="2022-11-17T09:41:49 IST" duration-ms="4" status="PASS">
          <reporter-output>
          </reporter-output>
        </test-method> <!-- productdetails -->
        <test-method signature="paymentdetails()[pri:4, instance:methods.program1@5136d012]" started-at="2022-11-17T09:41:49 IST" name="paymentdetails" finished-at="2022-11-17T09:41:50 IST" duration-ms="5" status="PASS">
          <reporter-output>
          </reporter-output>
        </test-method> <!-- paymentdetails -->
        <test-method signature="customerdetails()[pri:5, instance:methods.program1@5136d012]" started-at="2022-11-17T09:41:50 IST" name="customerdetails" finished-at="2022-11-17T09:41:50 IST" duration-ms="2" status="PASS">
          <reporter-output>
          </reporter-output>
        </test-method> <!-- customerdetails -->
      </class> <!-- methods.program1 -->
    </test> <!-- Default test -->
  </suite> <!-- Default suite -->
</testng-results>
